2025-09-07 03:29:49,938 INFO o.a.j.u.JMeterUtils: Setting Locale to en_EN
2025-09-07 03:29:49,953 INFO o.a.j.JMeter: Loading user properties from: F:\JMeter\apache-jmeter-5.6.3\bin\user.properties
2025-09-07 03:29:49,953 INFO o.a.j.JMeter: Loading system properties from: F:\JMeter\apache-jmeter-5.6.3\bin\system.properties
2025-09-07 03:29:49,959 INFO o.a.j.JMeter: Copyright (c) 1998-2024 The Apache Software Foundation
2025-09-07 03:29:49,960 INFO o.a.j.JMeter: Version 5.6.3
2025-09-07 03:29:49,960 INFO o.a.j.JMeter: java.version=1.8.0_211
2025-09-07 03:29:49,960 INFO o.a.j.JMeter: java.vm.name=Java HotSpot(TM) 64-Bit Server VM
2025-09-07 03:29:49,960 INFO o.a.j.JMeter: os.name=Windows 10
2025-09-07 03:29:49,960 INFO o.a.j.JMeter: os.arch=amd64
2025-09-07 03:29:49,960 INFO o.a.j.JMeter: os.version=10.0
2025-09-07 03:29:49,960 INFO o.a.j.JMeter: file.encoding=Cp1252
2025-09-07 03:29:49,960 INFO o.a.j.JMeter: java.awt.headless=true
2025-09-07 03:29:49,960 INFO o.a.j.JMeter: Max memory     =1073741824
2025-09-07 03:29:49,960 INFO o.a.j.JMeter: Available Processors =8
2025-09-07 03:29:49,964 INFO o.a.j.JMeter: Default Locale=English (EN)
2025-09-07 03:29:49,964 INFO o.a.j.JMeter: JMeter  Locale=English (EN)
2025-09-07 03:29:49,965 INFO o.a.j.JMeter: JMeterHome=F:\JMeter\apache-jmeter-5.6.3
2025-09-07 03:29:49,965 INFO o.a.j.JMeter: user.dir  =F:\JMeter\apache-jmeter-5.6.3\bin\restful booker
2025-09-07 03:29:49,965 INFO o.a.j.JMeter: PWD       =F:\JMeter\apache-jmeter-5.6.3\bin\restful booker
2025-09-07 03:29:54,526 INFO o.a.j.JMeter: IP: 192.168.33.1 Name: DESKTOP-RQ27ADA FullName: DESKTOP-RQ27ADA
2025-09-07 03:29:54,542 INFO o.a.j.JMeter: Setting property 'jmeter.reportgenerator.outputdir' to:'F:\JMeter\apache-jmeter-5.6.3\bin\restful booker\reports\booking5.html'
2025-09-07 03:29:54,559 INFO o.a.j.r.d.ReportGenerator: ReportGenerator will use for Parsing the separator: ','
2025-09-07 03:29:54,560 INFO o.a.j.r.d.ReportGenerator: Will only generate report from results file: reports\booking5.jtl
2025-09-07 03:29:54,560 INFO o.a.j.r.d.ReportGenerator: Reading report generator properties from: F:\JMeter\apache-jmeter-5.6.3\bin\reportgenerator.properties
2025-09-07 03:29:54,684 INFO o.a.j.r.d.ReportGenerator: Merging with JMeter properties
2025-09-07 03:29:54,696 INFO o.a.j.r.c.ReportGeneratorConfiguration: Property 'jmeter.reportgenerator.temp_dir' not found, using default value 'temp' instead.
2025-09-07 03:29:54,700 INFO o.a.j.r.c.ReportGeneratorConfiguration: Property 'jmeter.reportgenerator.apdex_per_transaction' not found, using default value 'null' instead.
2025-09-07 03:29:54,707 INFO o.a.j.r.c.ReportGeneratorConfiguration: apdex_per_transaction is empty, not APDEX per transaction customization
2025-09-07 03:29:54,707 INFO o.a.j.r.c.ReportGeneratorConfiguration: Property 'jmeter.reportgenerator.sample_filter' not found, using default value 'null' instead.
2025-09-07 03:29:54,707 INFO o.a.j.r.c.ReportGeneratorConfiguration: Property 'jmeter.reportgenerator.report_title' not found, using default value 'null' instead.
2025-09-07 03:29:54,707 INFO o.a.j.r.c.ReportGeneratorConfiguration: Property 'jmeter.reportgenerator.start_date' not found, using default value 'null' instead.
2025-09-07 03:29:54,707 INFO o.a.j.r.c.ReportGeneratorConfiguration: Property 'jmeter.reportgenerator.end_date' not found, using default value 'null' instead.
2025-09-07 03:29:54,707 INFO o.a.j.r.c.ReportGeneratorConfiguration: Property 'jmeter.reportgenerator.date_format' not found, using default value 'null' instead.
2025-09-07 03:29:54,707 INFO o.a.j.r.c.ReportGeneratorConfiguration: Will use date range start date: null, end date: null
2025-09-07 03:29:54,716 INFO o.a.j.r.c.ReportGeneratorConfiguration: Property 'jmeter.reportgenerator.graph.totalTPS.exclude_controllers' not found, using default value 'false' instead.
2025-09-07 03:29:54,718 INFO o.a.j.r.c.ReportGeneratorConfiguration: Property 'jmeter.reportgenerator.graph.activeThreadsOverTime.exclude_controllers' not found, using default value 'false' instead.
2025-09-07 03:29:54,718 INFO o.a.j.r.c.ReportGeneratorConfiguration: Property 'jmeter.reportgenerator.graph.timeVsThreads.exclude_controllers' not found, using default value 'false' instead.
2025-09-07 03:29:54,718 INFO o.a.j.r.c.ReportGeneratorConfiguration: Property 'jmeter.reportgenerator.graph.responseTimeDistribution.exclude_controllers' not found, using default value 'false' instead.
2025-09-07 03:29:54,718 INFO o.a.j.r.c.ReportGeneratorConfiguration: Property 'jmeter.reportgenerator.graph.transactionsPerSecond.exclude_controllers' not found, using default value 'false' instead.
2025-09-07 03:29:54,718 INFO o.a.j.r.c.ReportGeneratorConfiguration: Property 'jmeter.reportgenerator.graph.responseTimePercentiles.exclude_controllers' not found, using default value 'false' instead.
2025-09-07 03:29:54,718 INFO o.a.j.r.c.ReportGeneratorConfiguration: Property 'jmeter.reportgenerator.graph.responseTimePercentilesOverTime.exclude_controllers' not found, using default value 'false' instead.
2025-09-07 03:29:54,718 INFO o.a.j.r.c.ReportGeneratorConfiguration: Property 'jmeter.reportgenerator.graph.responseTimesOverTime.exclude_controllers' not found, using default value 'false' instead.
2025-09-07 03:29:54,719 INFO o.a.j.r.c.ReportGeneratorConfiguration: Property 'jmeter.reportgenerator.graph.connectTimeOverTime.exclude_controllers' not found, using default value 'false' instead.
2025-09-07 03:29:54,719 INFO o.a.j.r.c.ReportGeneratorConfiguration: Property 'jmeter.reportgenerator.graph.latenciesOverTime.exclude_controllers' not found, using default value 'false' instead.
2025-09-07 03:29:54,719 INFO o.a.j.r.c.ReportGeneratorConfiguration: Property 'jmeter.reportgenerator.exporter.json.filters_only_sample_series' not found, using default value 'true' instead.
2025-09-07 03:29:54,719 INFO o.a.j.r.c.ReportGeneratorConfiguration: Property 'jmeter.reportgenerator.exporter.json.series_filter' not found, using default value '' instead.
2025-09-07 03:29:54,720 INFO o.a.j.r.c.ReportGeneratorConfiguration: Property 'jmeter.reportgenerator.exporter.json.show_controllers_only' not found, using default value 'false' instead.
2025-09-07 03:29:54,720 INFO o.a.j.r.c.ReportGeneratorConfiguration: Property 'jmeter.reportgenerator.exporter.html.filters_only_sample_series' not found, using default value 'true' instead.
2025-09-07 03:29:54,720 INFO o.a.j.r.c.ReportGeneratorConfiguration: Property 'jmeter.reportgenerator.exporter.html.series_filter' not found, using default value '' instead.
2025-09-07 03:29:54,720 INFO o.a.j.r.c.ReportGeneratorConfiguration: Property 'jmeter.reportgenerator.exporter.html.show_controllers_only' not found, using default value 'false' instead.
2025-09-07 03:29:54,907 INFO o.a.j.s.SaveService: Testplan (JMX) version: 2.2. Testlog (JTL) version: 2.2
2025-09-07 03:29:54,929 INFO o.a.j.s.SaveService: Using SaveService properties file encoding UTF-8
2025-09-07 03:29:54,934 INFO o.a.j.s.SaveService: Using SaveService properties version 5.0
2025-09-07 03:29:54,997 INFO o.a.j.r.p.NormalizerSampleConsumer: Using format, 'ms', to parse timeStamp field
2025-09-07 03:29:55,681 INFO o.a.j.r.p.AbstractSampleConsumer: class org.apache.jmeter.report.processor.AggregateConsumer#stopProducing(): beginDate produced 0 samples
2025-09-07 03:29:55,681 INFO o.a.j.r.p.AbstractSampleConsumer: class org.apache.jmeter.report.processor.AggregateConsumer#stopProducing(): endDate produced 0 samples
2025-09-07 03:29:55,684 INFO o.a.j.r.p.AbstractSampleConsumer: class org.apache.jmeter.report.processor.ApdexSummaryConsumer#stopProducing(): apdexSummary produced 0 samples
2025-09-07 03:29:55,684 INFO o.a.j.r.p.AbstractSampleConsumer: class org.apache.jmeter.report.processor.RequestsSummaryConsumer#stopProducing(): requestsSummary produced 0 samples
2025-09-07 03:29:55,695 INFO o.a.j.r.p.AbstractSampleConsumer: class org.apache.jmeter.report.processor.StatisticsSummaryConsumer#stopProducing(): statisticsSummary produced 0 samples
2025-09-07 03:29:55,704 INFO o.a.j.r.p.AbstractSampleConsumer: class org.apache.jmeter.report.processor.Top5ErrorsBySamplerConsumer#stopProducing(): top5ErrorsBySampler produced 0 samples
2025-09-07 03:29:55,704 INFO o.a.j.r.p.AbstractSampleConsumer: class org.apache.jmeter.report.processor.ErrorsSummaryConsumer#stopProducing(): errorsSummary produced 0 samples
2025-09-07 03:29:55,704 INFO o.a.j.r.p.AbstractSampleConsumer: class org.apache.jmeter.report.processor.graph.impl.HitsPerSecondGraphConsumer#stopProducing(): hitsPerSecond produced 0 samples
2025-09-07 03:29:55,782 INFO o.a.j.r.p.AbstractSampleConsumer: class org.apache.jmeter.report.processor.graph.impl.LatencyVSRequestGraphConsumer#stopProducing(): latencyVsRequest produced 0 samples
2025-09-07 03:29:55,782 INFO o.a.j.r.p.AbstractSampleConsumer: class org.apache.jmeter.report.processor.graph.impl.SyntheticResponseTimeDistributionGraphConsumer#stopProducing(): syntheticResponseTimeDistribution produced 0 samples
2025-09-07 03:29:55,783 INFO o.a.j.r.p.AbstractSampleConsumer: class org.apache.jmeter.report.processor.graph.impl.BytesThroughputGraphConsumer#stopProducing(): bytesThroughputOverTime produced 0 samples
2025-09-07 03:29:55,783 INFO o.a.j.r.p.AbstractSampleConsumer: class org.apache.jmeter.report.processor.graph.impl.CodesPerSecondGraphConsumer#stopProducing(): codesPerSecond produced 0 samples
2025-09-07 03:29:55,827 INFO o.a.j.r.p.AbstractSampleConsumer: class org.apache.jmeter.report.processor.graph.impl.ResponseTimeVSRequestGraphConsumer#stopProducing(): responseTimeVsRequest produced 0 samples
2025-09-07 03:29:55,827 INFO o.a.j.r.p.AbstractSampleConsumer: class org.apache.jmeter.report.processor.FilterConsumer#stopProducing(): startIntervalControlerFilter produced 17493 samples
2025-09-07 03:29:55,827 INFO o.a.j.r.p.AbstractSampleConsumer: class org.apache.jmeter.report.processor.graph.impl.TotalTPSGraphConsumer#stopProducing(): totalTPS produced 0 samples
2025-09-07 03:29:55,828 INFO o.a.j.r.p.AbstractSampleConsumer: class org.apache.jmeter.report.processor.graph.impl.ActiveThreadsGraphConsumer#stopProducing(): activeThreadsOverTime produced 0 samples
2025-09-07 03:29:55,828 INFO o.a.j.r.p.AbstractSampleConsumer: class org.apache.jmeter.report.processor.graph.impl.TimeVSThreadGraphConsumer#stopProducing(): timeVsThreads produced 0 samples
2025-09-07 03:29:55,828 INFO o.a.j.r.p.AbstractSampleConsumer: class org.apache.jmeter.report.processor.graph.impl.ResponseTimeDistributionGraphConsumer#stopProducing(): responseTimeDistribution produced 0 samples
2025-09-07 03:29:55,828 INFO o.a.j.r.p.AbstractSampleConsumer: class org.apache.jmeter.report.processor.graph.impl.TransactionsPerSecondGraphConsumer#stopProducing(): transactionsPerSecond produced 0 samples
2025-09-07 03:29:55,828 INFO o.a.j.r.p.AbstractSampleConsumer: class org.apache.jmeter.report.processor.graph.impl.ResponseTimePercentilesGraphConsumer#stopProducing(): responseTimePercentiles produced 0 samples
2025-09-07 03:29:55,830 INFO o.a.j.r.p.AbstractSampleConsumer: class org.apache.jmeter.report.processor.graph.impl.ResponseTimePercentilesOverTimeGraphConsumer#stopProducing(): responseTimePercentilesOverTime produced 0 samples
2025-09-07 03:29:55,831 INFO o.a.j.r.p.AbstractSampleConsumer: class org.apache.jmeter.report.processor.graph.impl.ResponseTimeOverTimeGraphConsumer#stopProducing(): responseTimesOverTime produced 0 samples
2025-09-07 03:29:55,832 INFO o.a.j.r.p.AbstractSampleConsumer: class org.apache.jmeter.report.processor.graph.impl.ConnectTimeOverTimeGraphConsumer#stopProducing(): connectTimeOverTime produced 0 samples
2025-09-07 03:29:55,832 INFO o.a.j.r.p.AbstractSampleConsumer: class org.apache.jmeter.report.processor.graph.impl.LatencyOverTimeGraphConsumer#stopProducing(): latenciesOverTime produced 0 samples
2025-09-07 03:29:55,832 INFO o.a.j.r.p.AbstractSampleConsumer: class org.apache.jmeter.report.processor.FilterConsumer#stopProducing(): nameFilter produced 37485 samples
2025-09-07 03:29:55,832 INFO o.a.j.r.p.AbstractSampleConsumer: class org.apache.jmeter.report.processor.FilterConsumer#stopProducing(): dateRangeFilter produced 7497 samples
2025-09-07 03:29:55,832 INFO o.a.j.r.p.AbstractSampleConsumer: class org.apache.jmeter.report.processor.NormalizerSampleConsumer#stopProducing(): normalizer produced 2499 samples
2025-09-07 03:29:55,833 INFO o.a.j.r.p.CsvFileSampleSource: produce(): 2499 samples produced in 797ms on channel 0
2025-09-07 03:29:55,833 INFO o.a.j.r.d.ReportGenerator: Exporting data using exporter:'json' of className:'org.apache.jmeter.report.dashboard.JsonExporter'
2025-09-07 03:29:56,182 INFO o.a.j.r.d.JsonExporter: Found data for consumer statisticsSummary in context
2025-09-07 03:29:56,182 INFO o.a.j.r.d.JsonExporter: Creating statistics for overall
2025-09-07 03:29:56,183 INFO o.a.j.r.d.JsonExporter: Creating statistics for other transactions
2025-09-07 03:29:56,183 INFO o.a.j.r.d.JsonExporter: Checking output folder
2025-09-07 03:29:56,183 INFO o.a.j.r.d.JsonExporter: Writing statistics JSON to F:\JMeter\apache-jmeter-5.6.3\bin\restful booker\reports\booking5.html\statistics.json
2025-09-07 03:29:56,277 INFO o.a.j.r.d.ReportGenerator: Exporting data using exporter:'html' of className:'org.apache.jmeter.report.dashboard.HtmlTemplateExporter'
2025-09-07 03:29:56,281 INFO o.a.j.r.d.HtmlTemplateExporter: Will generate dashboard in folder: F:\JMeter\apache-jmeter-5.6.3\bin\restful booker\reports\booking5.html
2025-09-07 03:29:56,553 INFO o.a.j.r.d.HtmlTemplateExporter: Report will be generated in: F:\JMeter\apache-jmeter-5.6.3\bin\restful booker\reports\booking5.html, creating folder structure
2025-09-07 03:29:56,558 INFO o.a.j.r.d.TemplateVisitor: Copying folder from 'F:\JMeter\apache-jmeter-5.6.3\bin\report-template' to 'F:\JMeter\apache-jmeter-5.6.3\bin\restful booker\reports\booking5.html', got message: F:\JMeter\apache-jmeter-5.6.3\bin\restful booker\reports\booking5.html, found non empty folder with following content [F:\JMeter\apache-jmeter-5.6.3\bin\restful booker\reports\booking5.html\statistics.json], will be ignored
